[2016-09-17 08:21:06] START
[2016-09-17 08:38:14] EDIT estor3/views/layout.html: 2
[2016-09-17 08:41:04] EDIT estor3/views/layout.html: 2
[2016-09-17 08:44:01] EDIT estor3/views/layout.html: 0
[2016-09-17 08:45:51] EDIT estor3/views/layout.html: -1
[2016-09-17 08:46:08] EDIT estor3/views/layout.html: 1
[2016-09-17 08:50:27] EDIT estor3/views/default/index.html: 1443
[2016-09-17 08:51:18] EDIT estor3/views/layout.html: 185
[2016-09-17 08:55:35] EDIT estor3/views/layout.html: -182
[2016-09-17 08:58:08] EDIT estor3/views/layout.html: 0
[2016-09-17 08:59:05] EDIT estor3/static/css/web2py-bootstrap3.css: -9
[2016-09-17 08:59:26] EDIT estor3/static/css/web2py-bootstrap3.css: -3
[2016-09-17 08:59:47] EDIT estor3/static/css/web2py-bootstrap3.css: -2
[2016-09-17 09:01:02] EDIT estor3/static/css/web2py-bootstrap3.css: 6
[2016-09-17 09:01:03] EDIT estor3/static/css/web2py-bootstrap3.css: 0
[2016-09-17 09:03:36] EDIT estor3/static/css/bootstrap-material-design.css: -3
[2016-09-17 09:05:50] EDIT estor3/models/menu.py: 0
[2016-09-17 09:06:02] EDIT estor3/models/menu.py: 0
[2016-09-17 09:07:03] EDIT estor3/models/menu.py: -2
[2016-09-17 09:11:17] EDIT estor3/models/menu.py: 0
[2016-09-17 09:11:29] EDIT estor3/models/menu.py: 0
[2016-09-17 09:13:41] EDIT estor3/static/css/web2py-bootstrap3.css: 0
[2016-09-17 09:17:21] EDIT estor3/models/menu.py: -84
[2016-09-17 09:17:49] EDIT estor3/models/menu.py: -1
[2016-09-17 09:29:50] EDIT estor3/static/css/web2py-bootstrap3.css: 3
[2016-09-17 09:31:05] EDIT estor3/static/css/web2py-bootstrap3.css: 2
[2016-09-17 09:33:07] EDIT estor3/static/css/web2py-bootstrap3.css: 3
[2016-09-17 09:33:37] EDIT estor3/static/css/web2py-bootstrap3.css: 0
[2016-09-17 09:36:13] EDIT estor3/static/css/web2py-bootstrap3.css: 1
[2016-09-17 09:36:36] EDIT estor3/views/layout.html: 0
[2016-09-17 09:37:15] EDIT estor3/views/layout.html: 0
[2016-09-17 09:38:08] EDIT estor3/views/layout.html: 5
[2016-09-17 09:39:12] EDIT estor3/views/layout.html: 0
[2016-09-17 09:39:32] EDIT estor3/views/layout.html: 0
[2016-09-17 09:40:07] EDIT estor3/views/layout.html: 0
[2016-09-17 09:45:16] EDIT estor3/views/layout.html: 1
[2016-09-17 09:45:24] EDIT estor3/views/layout.html: 0
[2016-09-17 09:47:54] EDIT estor3/views/layout.html: 0
[2016-09-17 09:48:30] EDIT estor3/views/layout.html: 0
[2016-09-17 09:48:47] EDIT estor3/views/layout.html: 0
[2016-09-17 09:51:09] EDIT estor3/views/layout.html: 0
[2016-09-17 09:54:34] EDIT estor3/views/layout.html: -1
[2016-09-17 10:02:18] EDIT estor3/static/css/web2py-bootstrap3.css: 0
[2016-09-17 10:05:04] EDIT estor3/views/layout.html: 0
[2016-09-17 10:05:13] EDIT estor3/views/layout.html: 0
[2016-09-17 10:05:22] EDIT estor3/views/layout.html: 0
[2016-09-17 10:05:58] EDIT estor3/views/layout.html: 0
[2016-09-17 10:08:57] EDIT estor3/views/layout.html: 0
[2016-09-17 10:09:35] EDIT estor3/views/layout.html: 0
[2016-09-17 10:10:10] EDIT estor3/views/layout.html: 0
[2016-09-17 10:10:20] EDIT estor3/views/layout.html: 0
[2016-09-17 10:11:36] EDIT estor3/views/layout.html: 0
[2016-09-17 10:11:52] EDIT estor3/views/layout.html: 0
[2016-09-17 10:12:58] EDIT estor3/views/layout.html: 0
[2016-09-17 10:13:26] EDIT estor3/static/css/web2py-bootstrap3.css: 3
[2016-09-17 10:14:03] EDIT estor3/views/layout.html: 0
[2016-09-17 10:14:28] EDIT estor3/static/css/web2py-bootstrap3.css: 0
[2016-09-17 10:18:43] EDIT estor3/views/layout.html: 0
[2016-09-17 10:21:39] EDIT estor3/views/layout.html: 1
[2016-09-17 10:22:06] EDIT estor3/views/layout.html: 0
[2016-09-17 10:22:46] EDIT estor3/views/layout.html: 0
[2016-09-17 10:23:23] EDIT estor3/views/layout.html: 0
[2016-09-17 10:25:17] EDIT estor3/views/layout.html: 0
[2016-09-17 10:25:23] EDIT estor3/views/layout.html: 0
[2016-09-17 10:31:00] EDIT estor3/static/css/web2py-bootstrap3.css: 8
[2016-09-17 10:32:39] EDIT estor3/static/css/web2py-bootstrap3.css: 0
[2016-09-17 10:32:52] EDIT estor3/static/css/web2py-bootstrap3.css: -2
[2016-09-17 10:33:06] EDIT estor3/static/css/web2py-bootstrap3.css: 0
[2016-09-17 10:33:33] EDIT estor3/static/css/web2py-bootstrap3.css: -6
[2016-09-17 10:34:06] EDIT estor3/views/layout.html: 8
[2016-09-17 10:34:49] EDIT estor3/views/layout.html: 0
[2016-09-17 10:35:06] EDIT estor3/views/layout.html: 0
[2016-09-17 10:35:33] EDIT estor3/views/layout.html: -6
[2016-09-17 10:35:58] EDIT estor3/views/layout.html: 6
[2016-09-17 10:37:06] EDIT estor3/views/layout.html: 1
[2016-09-17 10:37:10] EDIT estor3/views/layout.html: 0
[2016-09-17 10:37:52] EDIT estor3/views/layout.html: -9
[2016-09-17 10:38:20] EDIT estor3/static/css/web2py-bootstrap3.css: 8
[2016-09-17 10:38:39] EDIT estor3/static/css/web2py-bootstrap3.css: 0
[2016-09-17 10:38:50] EDIT estor3/static/css/web2py-bootstrap3.css: 0
[2016-09-17 10:40:28] EDIT estor3/views/layout.html: 0
[2016-09-17 10:41:40] EDIT estor3/static/css/web2py-bootstrap3.css: 3
[2016-09-17 10:42:35] EDIT estor3/static/css/web2py-bootstrap3.css: 1
[2016-09-17 10:43:11] EDIT estor3/static/css/web2py-bootstrap3.css: 0
[2016-09-17 10:43:51] EDIT estor3/static/css/web2py-bootstrap3.css: 0
[2016-09-17 10:44:08] EDIT estor3/static/css/web2py-bootstrap3.css: 0
[2016-09-17 10:46:50] EDIT estor3/views/layout.html: 0
[2016-09-17 10:47:17] EDIT estor3/views/layout.html: 0
[2016-09-17 10:47:18] EDIT estor3/views/layout.html: 0
[2016-09-17 10:47:50] EDIT estor3/static/css/web2py-bootstrap3.css: 0
[2016-09-17 10:48:47] EDIT estor3/static/css/web2py-bootstrap3.css: -4
[2016-09-17 10:50:49] EDIT estor3/views/layout.html: -1
[2016-09-17 10:51:27] EDIT estor3/static/css/web2py-bootstrap3.css: -8
[2016-09-17 10:52:25] EDIT estor3/views/layout.html: 0
[2016-09-17 10:52:43] EDIT estor3/static/css/web2py-bootstrap3.css: 0
[2016-09-17 10:58:14] EDIT estor3/static/css/web2py-bootstrap3.css: 8
[2016-09-17 10:58:43] EDIT estor3/static/css/web2py-bootstrap3.css: 0
[2016-09-17 10:58:56] EDIT estor3/static/css/web2py-bootstrap3.css: -1
[2016-09-17 10:59:08] EDIT estor3/static/css/web2py-bootstrap3.css: 0
[2016-09-17 10:59:15] EDIT estor3/static/css/web2py-bootstrap3.css: 0
[2016-09-17 10:59:22] EDIT estor3/static/css/web2py-bootstrap3.css: 0
[2016-09-17 11:00:35] EDIT estor3/static/css/web2py-bootstrap3.css: 1
[2016-09-17 11:01:06] EDIT estor3/views/layout.html: 0
[2016-09-17 11:01:17] EDIT estor3/static/css/web2py-bootstrap3.css: -3
[2016-09-17 11:02:03] EDIT estor3/static/css/web2py-bootstrap3.css: -2
[2016-09-17 11:02:48] EDIT estor3/static/css/web2py-bootstrap3.css: 0
[2016-09-17 11:03:10] EDIT estor3/static/css/web2py-bootstrap3.css: 0
[2016-09-17 11:05:29] EDIT estor3/views/layout.html: 0
[2016-09-17 11:05:45] EDIT estor3/views/layout.html: 0
[2016-09-17 11:07:04] EDIT estor3/static/css/web2py-bootstrap3.css: 2
[2016-09-17 11:07:14] EDIT estor3/static/css/web2py-bootstrap3.css: 0
[2016-09-17 11:07:39] EDIT estor3/static/css/web2py-bootstrap3.css: 0
[2016-09-17 11:07:57] EDIT estor3/static/css/web2py-bootstrap3.css: 0
[2016-09-17 11:08:41] EDIT estor3/static/css/web2py-bootstrap3.css: 0
[2016-09-17 11:09:11] EDIT estor3/static/css/web2py-bootstrap3.css: 0
[2016-09-17 11:12:04] EDIT estor3/static/css/web2py-bootstrap3.css: -2
[2016-09-17 11:13:39] EDIT estor3/models/menu.py: 0
[2016-09-17 11:19:03] EDIT estor3/static/js/web2py.js: 0
[2016-09-17 11:19:18] EDIT estor3/static/js/web2py.js: 0
[2016-09-17 11:22:30] EDIT estor3/static/js/web2py.js: 0
[2016-09-17 11:25:13] EDIT estor3/models/menu.py: 0
[2016-09-17 11:25:36] EDIT estor3/models/menu.py: 0
[2016-09-17 11:27:14] EDIT estor3/models/menu.py: 0
[2016-09-17 11:28:06] EDIT estor3/models/menu.py: 0
[2016-09-17 11:30:21] EDIT estor3/models/menu.py: 0
[2016-09-17 11:30:55] EDIT estor3/models/menu.py: 1
[2016-09-17 11:38:11] EDIT estor3/models/menu.py: 0
[2016-09-17 11:38:31] EDIT estor3/models/menu.py: 0
[2016-09-17 11:41:01] EDIT estor3/views/layout.html: 2
[2016-09-17 11:41:13] EDIT estor3/views/layout.html: 0
[2016-09-17 11:45:37] EDIT estor3/models/menu.py: 3
[2016-09-17 11:45:48] EDIT estor3/models/menu.py: -3
[2016-09-17 11:46:19] EDIT estor3/models/menu.py: 3
[2016-09-17 11:46:25] EDIT estor3/models/menu.py: -3
[2016-09-17 11:47:46] EDIT estor3/models/menu.py: -1
[2016-09-17 11:48:08] EDIT estor3/models/menu.py: 0
[2016-09-17 11:48:43] EDIT estor3/models/menu.py: 0
[2016-09-17 11:49:02] EDIT estor3/models/menu.py: 0
[2016-09-17 12:01:09] EDIT estor3/static/css/web2py-bootstrap3.css: 6
[2016-09-17 12:01:37] EDIT estor3/views/layout.html: 0
[2016-09-17 12:02:03] EDIT estor3/static/css/web2py-bootstrap3.css: 0
[2016-09-17 12:02:51] EDIT estor3/static/css/web2py-bootstrap3.css: 0
[2016-09-17 12:02:59] EDIT estor3/static/css/web2py-bootstrap3.css: 0
[2016-09-17 12:03:28] EDIT estor3/static/css/web2py-bootstrap3.css: 0
[2016-09-17 12:04:35] EDIT estor3/static/css/web2py-bootstrap3.css: 0
[2016-09-17 12:05:22] EDIT estor3/static/css/web2py-bootstrap3.css: -1
[2016-09-17 12:05:48] EDIT estor3/static/css/web2py-bootstrap3.css: 0
[2016-09-17 12:06:06] EDIT estor3/static/css/web2py-bootstrap3.css: 0
[2016-09-17 12:09:53] EDIT estor3/static/css/web2py-bootstrap3.css: 1
[2016-09-17 12:09:59] EDIT estor3/static/css/web2py-bootstrap3.css: 0
[2016-09-17 12:10:13] EDIT estor3/static/css/web2py-bootstrap3.css: 0
[2016-09-17 12:13:31] EDIT estor3/static/css/web2py-bootstrap3.css: 1
[2016-09-17 12:16:23] EDIT estor3/static/css/web2py-bootstrap3.css: 4
[2016-09-17 12:16:45] EDIT estor3/static/css/web2py-bootstrap3.css: 0
[2016-09-17 12:19:31] EDIT estor3/views/layout.html: 0
[2016-09-17 12:20:25] EDIT estor3/static/css/web2py-bootstrap3.css: -1
[2016-09-17 12:20:48] EDIT estor3/static/css/web2py-bootstrap3.css: 0
[2016-09-17 12:22:15] EDIT estor3/static/css/web2py-bootstrap3.css: 1
[2016-09-17 12:22:41] EDIT estor3/static/css/web2py-bootstrap3.css: -1
[2016-09-17 12:22:59] EDIT estor3/static/css/web2py-bootstrap3.css: 0
[2016-09-17 12:23:24] EDIT estor3/static/css/web2py-bootstrap3.css: 1
[2016-09-17 12:23:27] EDIT estor3/static/css/web2py-bootstrap3.css: 0
[2016-09-17 12:26:28] EDIT estor3/static/css/web2py-bootstrap3.css: 8
[2016-09-17 12:31:35] EDIT estor3/views/layout.html: 1
[2016-09-17 12:32:49] EDIT estor3/views/layout.html: 2
[2016-09-17 12:33:11] EDIT estor3/views/layout.html: 0
[2016-09-17 12:33:57] EDIT estor3/views/layout.html: 0
[2016-09-17 12:35:07] EDIT estor3/views/layout.html: 0
[2016-09-17 12:36:12] EDIT estor3/views/layout.html: 0
[2016-09-17 12:37:35] EDIT estor3/views/layout.html: 0
[2016-09-17 12:38:11] EDIT estor3/views/layout.html: 0
[2016-09-17 12:39:31] EDIT estor3/views/layout.html: 0
[2016-09-17 12:40:36] EDIT estor3/views/layout.html: 2
[2016-09-17 12:41:04] EDIT estor3/views/layout.html: 0
[2016-09-17 12:41:32] EDIT estor3/views/layout.html: 0
[2016-09-17 12:42:23] EDIT estor3/views/layout.html: 0
[2016-09-17 12:45:18] EDIT estor3/views/layout.html: 0
[2016-09-17 12:45:56] EDIT estor3/static/css/web2py-bootstrap3.css: 3
[2016-09-17 12:46:31] EDIT estor3/views/layout.html: 0
[2016-09-17 12:47:08] EDIT estor3/views/layout.html: 0
[2016-09-17 12:47:37] EDIT estor3/static/css/web2py-bootstrap3.css: 0
[2016-09-17 12:50:36] EDIT estor3/views/layout.html: 0
[2016-09-17 12:56:38] EDIT estor3/views/layout.html: 9
[2016-09-17 12:56:45] EDIT estor3/views/layout.html: -4
[2016-09-17 12:57:42] EDIT estor3/views/layout.html: -3
[2016-09-17 15:17:16] EDIT estor3/views/layout.html: 0
[2016-09-17 15:18:40] EDIT estor3/views/layout.html: 0
[2016-09-17 15:19:22] EDIT estor3/views/layout.html: -5
[2016-09-17 15:20:25] EDIT estor3/views/layout.html: 5
[2016-09-17 15:23:07] EDIT estor3/views/layout.html: 2
[2016-09-17 15:24:14] EDIT estor3/views/layout.html: -2
[2016-09-17 15:24:39] EDIT estor3/views/layout.html: 0
[2016-09-17 15:25:36] EDIT estor3/views/layout.html: -5
[2016-09-17 15:26:27] EDIT estor3/views/layout.html: 5
[2016-09-17 15:26:52] EDIT estor3/views/layout.html: 0
[2016-09-17 15:29:01] EDIT estor3/views/layout.html: 0
[2016-09-17 15:30:12] EDIT estor3/views/layout.html: 0
[2016-09-17 15:31:31] EDIT estor3/views/layout.html: 0
[2016-09-17 15:32:22] EDIT estor3/views/layout.html: 0
[2016-09-17 15:36:46] EDIT estor3/views/layout.html: 0
[2016-09-17 15:37:30] EDIT estor3/views/layout.html: -1
[2016-09-17 15:38:33] EDIT estor3/views/layout.html: 0
[2016-09-17 15:39:19] EDIT estor3/views/layout.html: 0
[2016-09-17 15:39:44] EDIT estor3/views/layout.html: 0
[2016-09-17 15:40:35] EDIT estor3/views/layout.html: 1
[2016-09-17 15:42:54] EDIT estor3/views/layout.html: -1
[2016-09-17 15:43:52] EDIT estor3/views/layout.html: 1
[2016-09-17 15:44:01] EDIT estor3/views/layout.html: 0
[2016-09-17 15:44:26] EDIT estor3/views/layout.html: 0
[2016-09-17 15:47:51] EDIT estor3/views/layout.html: 0
[2016-09-17 15:48:16] EDIT estor3/views/layout.html: 0
[2016-09-17 15:48:41] EDIT estor3/models/menu.py: 0
[2016-09-17 15:48:57] EDIT estor3/models/menu.py: 0
[2016-09-17 15:49:28] EDIT estor3/views/layout.html: 0
[2016-09-17 15:49:52] EDIT estor3/views/layout.html: 0
[2016-09-17 15:50:10] EDIT estor3/views/layout.html: 0
[2016-09-17 15:55:12] EDIT estor3/static/css/web2py-bootstrap3.css: 11
[2016-09-17 15:55:19] EDIT estor3/static/css/web2py-bootstrap3.css: 0
[2016-09-17 15:55:50] EDIT estor3/views/layout.html: 0
[2016-09-17 15:56:05] EDIT estor3/views/layout.html: 0
[2016-09-17 15:56:40] EDIT estor3/static/css/web2py-bootstrap3.css: 0
[2016-09-17 15:57:11] EDIT estor3/static/css/web2py-bootstrap3.css: 0
[2016-09-17 15:57:33] EDIT estor3/views/layout.html: -1
[2016-09-17 15:57:49] EDIT estor3/views/layout.html: 1
[2016-09-17 15:58:55] EDIT estor3/static/css/web2py-bootstrap3.css: 0
[2016-09-17 16:00:38] EDIT estor3/views/layout.html: 0
[2016-09-17 16:03:17] EDIT estor3/static/css/web2py-bootstrap3.css: 2
[2016-09-17 16:03:32] EDIT estor3/static/css/web2py-bootstrap3.css: 0
[2016-09-17 16:03:44] EDIT estor3/models/menu.py: 0
[2016-09-17 16:04:21] EDIT estor3/views/layout.html: 0
[2016-09-17 16:06:34] EDIT estor3/static/css/web2py-bootstrap3.css: -1
[2016-09-17 16:09:54] EDIT estor3/static/css/web2py-bootstrap3.css: 0
[2016-09-17 16:09:59] EDIT estor3/static/css/web2py-bootstrap3.css: 0
[2016-09-17 16:10:11] EDIT estor3/static/css/web2py-bootstrap3.css: 0
[2016-09-17 16:10:30] EDIT estor3/static/css/web2py-bootstrap3.css: 0
[2016-09-17 16:11:23] EDIT estor3/static/css/web2py-bootstrap3.css: 3
[2016-09-17 16:17:14] EDIT estor3/static/css/web2py-bootstrap3.css: 1
[2016-09-17 16:17:43] EDIT estor3/static/css/web2py-bootstrap3.css: 0
[2016-09-17 16:18:03] EDIT estor3/views/layout.html: 0
[2016-09-17 16:18:16] EDIT estor3/static/css/web2py-bootstrap3.css: 0
[2016-09-17 16:21:27] EDIT estor3/static/css/web2py-bootstrap3.css: 0
[2016-09-17 16:21:55] EDIT estor3/static/css/web2py-bootstrap3.css: 0
[2016-09-17 16:22:30] EDIT estor3/static/css/web2py-bootstrap3.css: -2
[2016-09-17 16:22:49] EDIT estor3/static/css/web2py-bootstrap3.css: 2
[2016-09-17 16:24:45] EDIT estor3/static/css/web2py-bootstrap3.css: 0
[2016-09-17 16:25:29] EDIT estor3/static/css/web2py-bootstrap3.css: 1
[2016-09-17 16:28:14] EDIT estor3/static/css/web2py-bootstrap3.css: 0
[2016-09-17 16:29:16] EDIT estor3/static/css/web2py-bootstrap3.css: -5
[2016-09-17 16:30:37] EDIT estor3/views/layout.html: 0
[2016-09-17 16:33:38] EDIT estor3/static/css/web2py-bootstrap3.css: 3
[2016-09-17 16:34:13] EDIT estor3/static/css/web2py-bootstrap3.css: 2
[2016-09-17 16:34:32] EDIT estor3/static/css/web2py-bootstrap3.css: 0
[2016-09-17 16:35:38] EDIT estor3/static/css/web2py-bootstrap3.css: 0
[2016-09-17 16:37:48] EDIT estor3/static/css/web2py-bootstrap3.css: 0
[2016-09-17 16:39:26] EDIT estor3/static/css/web2py-bootstrap3.css: 0
[2016-09-17 16:39:59] EDIT estor3/static/css/web2py-bootstrap3.css: 0
[2016-09-17 16:40:48] EDIT estor3/static/css/web2py.css: 0
[2016-09-17 16:40:58] EDIT estor3/static/css/web2py.css: 0
[2016-09-17 16:41:43] EDIT estor3/static/css/web2py-bootstrap3.css: 0
[2016-09-17 16:46:47] EDIT estor3/static/css/web2py-bootstrap3.css: 13
[2016-09-17 16:48:29] EDIT estor3/static/css/web2py-bootstrap3.css: 2
[2016-09-17 16:50:10] EDIT estor3/static/css/web2py-bootstrap3.css: 2
[2016-09-17 16:50:53] EDIT estor3/static/css/web2py-bootstrap3.css: 0
[2016-09-17 16:51:05] EDIT estor3/static/css/web2py-bootstrap3.css: 0
[2016-09-17 23:49:33] EDIT estor3/static/css/web2py-bootstrap3.css: 4
[2016-09-17 23:52:24] EDIT estor3/static/css/web2py-bootstrap3.css: -3
[2016-09-17 23:55:19] EDIT estor3/static/css/web2py-bootstrap3.css: -4
[2016-09-17 23:56:57] EDIT estor3/views/layout.html: 0
[2016-09-17 23:58:45] EDIT estor3/static/css/web2py-bootstrap3.css: 1
[2016-09-17 23:59:03] EDIT estor3/static/css/web2py-bootstrap3.css: 0
[2016-09-17 23:59:57] EDIT estor3/static/css/web2py-bootstrap3.css: 0
[2016-09-18 00:00:44] EDIT estor3/static/css/web2py-bootstrap3.css: 0
[2016-09-18 00:02:24] EDIT estor3/static/css/web2py-bootstrap3.css: -3
[2016-09-18 00:03:08] EDIT estor3/static/css/web2py-bootstrap3.css: 3
[2016-09-18 00:04:12] EDIT estor3/views/layout.html: 0
[2016-09-18 00:04:52] EDIT estor3/views/layout.html: 0
[2016-09-18 00:04:58] EDIT estor3/views/layout.html: 0
[2016-09-18 00:05:17] EDIT estor3/views/layout.html: 0
[2016-09-18 00:05:32] EDIT estor3/static/css/web2py-bootstrap3.css: 0
[2016-09-18 00:05:38] EDIT estor3/static/css/web2py-bootstrap3.css: 0
[2016-09-18 00:05:40] EDIT estor3/static/css/web2py-bootstrap3.css: 0
[2016-09-18 00:10:03] EDIT estor3/views/layout.html: 1
[2016-09-18 00:10:19] EDIT estor3/views/layout.html: -1
[2016-09-18 00:10:41] EDIT estor3/views/layout.html: 0
[2016-09-18 00:13:52] EDIT estor3/views/layout.html: 6
[2016-09-18 00:14:05] EDIT estor3/views/layout.html: 0
[2016-09-18 00:14:20] EDIT estor3/views/layout.html: 0
[2016-09-18 00:15:10] EDIT estor3/views/layout.html: 0
[2016-09-18 00:15:24] EDIT estor3/views/layout.html: -6
[2016-09-18 00:15:32] EDIT estor3/views/layout.html: 6
[2016-09-18 00:16:03] EDIT estor3/views/layout.html: 0
[2016-09-18 00:16:46] EDIT estor3/views/layout.html: 0
[2016-09-18 00:17:18] EDIT estor3/static/css/web2py-bootstrap3.css: 4
[2016-09-18 00:17:32] EDIT estor3/views/layout.html: 0
[2016-09-18 00:17:52] EDIT estor3/static/css/web2py-bootstrap3.css: 0
[2016-09-18 00:18:18] EDIT estor3/static/css/web2py-bootstrap3.css: 0
[2016-09-18 00:20:21] EDIT estor3/views/layout.html: 19
[2016-09-18 15:15:55] EDIT estor3/static/css/web2py-bootstrap3.css: 0
[2016-09-18 15:19:25] EDIT estor3/views/layout.html: 0
[2016-09-18 15:20:04] EDIT estor3/views/default/index.html: 27
[2016-09-18 15:20:36] EDIT estor3/views/default/index.html: 0
[2016-09-18 15:22:02] UPLOAD /opt/python-server/web2py-files/web2py/applications/estor3/static/carousel.jpg: 309
[2016-09-18 15:22:49] EDIT estor3/views/default/index.html: 0
[2016-09-18 15:22:57] DELETE estor3/static/carousel.jpg: -309
[2016-09-18 15:23:30] UPLOAD /opt/python-server/web2py-files/web2py/applications/estor3/static/images/carousel.jpeg: 309
[2016-09-18 15:23:47] EDIT estor3/views/default/index.html: 0
[2016-09-18 15:24:21] EDIT estor3/views/default/index.html: -1
[2016-09-18 15:31:40] EDIT estor3/views/default/index.html: -1
[2016-09-18 15:32:05] EDIT estor3/views/default/index.html: -8
[2016-09-18 15:33:22] EDIT estor3/static/css/web2py-bootstrap3.css: 0
[2016-09-18 15:34:17] EDIT estor3/views/default/index.html: -3
[2016-09-18 15:38:04] EDIT estor3/views/default/index.html: 0
[2016-09-18 15:39:31] EDIT estor3/static/css/web2py-bootstrap3.css: 4
[2016-09-18 15:43:07] EDIT estor3/static/css/web2py-bootstrap3.css: 5
[2016-09-18 15:48:30] EDIT estor3/static/css/web2py-bootstrap3.css: 1
[2016-09-18 15:49:18] EDIT estor3/static/css/web2py-bootstrap3.css: 2
[2016-09-18 15:50:08] EDIT estor3/static/css/web2py-bootstrap3.css: 0
[2016-09-18 15:50:28] EDIT estor3/static/css/web2py-bootstrap3.css: 0
[2016-09-18 15:52:07] EDIT estor3/static/css/web2py-bootstrap3.css: 0
[2016-09-18 15:52:38] EDIT estor3/static/css/web2py-bootstrap3.css: 0
[2016-09-18 15:52:48] EDIT estor3/static/css/web2py-bootstrap3.css: 0
[2016-09-18 15:54:23] EDIT estor3/static/css/web2py-bootstrap3.css: -2
[2016-09-18 15:54:39] EDIT estor3/static/css/web2py-bootstrap3.css: 0
[2016-09-18 15:59:10] EDIT estor3/controllers/default.py: 0
[2016-09-18 15:59:35] EDIT estor3/views/layout.html: 0
[2016-09-18 16:00:02] EDIT estor3/static/css/web2py-bootstrap3.css: -1
[2016-09-18 16:00:12] EDIT estor3/views/default/index.html: 1
[2016-09-18 16:00:23] EDIT estor3/views/default/index.html: 0
[2016-09-18 16:00:47] EDIT estor3/views/default/index.html: 0
[2016-09-18 16:22:11] EDIT estor3/views/default/index.html: 0
[2016-09-18 16:22:44] EDIT estor3/models/menu.py: 0
[2016-09-18 16:23:50] EDIT estor3/views/default/index.html: 13
[2016-09-18 16:24:03] EDIT estor3/views/default/index.html: -1
[2016-09-18 16:24:47] EDIT estor3/views/default/index.html: 0
[2016-09-18 16:25:08] EDIT estor3/views/default/index.html: -1
[2016-09-18 16:26:19] EDIT estor3/views/default/index.html: 0
[2016-09-18 16:28:31] EDIT estor3/views/default/index.html: 4
[2016-09-18 16:28:57] EDIT estor3/views/default/index.html: 10
[2016-09-18 16:29:19] EDIT estor3/views/default/index.html: 0
[2016-09-18 16:30:02] EDIT estor3/views/default/index.html: 0
[2016-09-18 16:30:18] EDIT estor3/views/default/index.html: 0
[2016-09-18 16:31:03] EDIT estor3/views/default/index.html: 0
[2016-09-18 16:31:46] EDIT estor3/views/default/index.html: 6
[2016-09-18 16:33:44] EDIT estor3/views/default/index.html: 8
[2016-09-18 16:35:55] EDIT estor3/views/default/index.html: 0
[2016-09-18 16:36:06] EDIT estor3/views/default/index.html: 0
[2016-09-18 16:36:39] EDIT estor3/views/default/index.html: -1
[2016-09-18 16:38:25] EDIT estor3/views/default/index.html: -1
[2016-09-18 16:40:03] EDIT estor3/static/css/web2py-bootstrap3.css: 3
[2016-09-18 16:40:56] EDIT estor3/static/css/web2py-bootstrap3.css: 0
[2016-09-18 16:42:27] EDIT estor3/static/css/web2py-bootstrap3.css: 2
[2016-09-18 16:43:29] EDIT estor3/static/css/web2py-bootstrap3.css: 0
[2016-09-18 16:43:40] EDIT estor3/static/css/web2py-bootstrap3.css: 0
[2016-09-18 16:44:58] EDIT estor3/static/css/web2py-bootstrap3.css: -1
[2016-09-18 16:46:26] EDIT estor3/views/layout.html: 5
[2016-09-18 16:47:13] EDIT estor3/views/layout.html: 0
[2016-09-18 16:47:37] EDIT estor3/views/layout.html: -5
[2016-09-18 16:48:36] EDIT estor3/static/js/web2py-bootstrap3.js: 5
[2016-09-18 16:49:10] EDIT estor3/static/js/web2py-bootstrap3.js: 0
[2016-09-18 16:54:18] EDIT estor3/views/default/index.html: 3
[2016-09-18 16:54:35] EDIT estor3/views/default/index.html: 0
[2016-09-18 16:55:20] EDIT estor3/views/default/index.html: 1
[2016-09-18 16:59:29] EDIT estor3/views/default/index.html: -18
[2016-09-18 17:00:07] EDIT estor3/views/default/index.html: 3
[2016-09-18 17:00:25] EDIT estor3/views/default/index.html: 0
[2016-09-18 17:01:30] EDIT estor3/views/default/index.html: 48
[2016-09-18 17:02:49] EDIT estor3/views/default/index.html: 0
[2016-09-18 17:03:17] EDIT estor3/views/default/index.html: 0
[2016-09-18 17:03:52] EDIT estor3/views/default/index.html: 0
[2016-09-18 17:11:15] EDIT estor3/views/layout.html: 0
[2016-09-18 17:12:17] EDIT estor3/views/layout.html: 0
[2016-09-18 17:13:39] EDIT estor3/views/default/index.html: 3
[2016-09-18 17:14:18] EDIT estor3/views/default/index.html: 0
[2016-09-18 17:15:41] EDIT estor3/views/default/index.html: -1427
[2016-09-18 17:15:58] EDIT estor3/views/default/index.html: 1427
[2016-09-18 17:17:31] EDIT estor3/views/layout.html: 2
[2016-09-18 17:18:24] EDIT estor3/views/default/index.html: 3
[2016-09-18 17:19:27] EDIT estor3/views/default/index.html: 1
[2016-09-18 17:19:56] EDIT estor3/views/layout.html: 0
[2016-09-18 17:20:08] EDIT estor3/views/default/index.html: 0
[2016-09-18 17:20:48] EDIT estor3/views/default/index.html: -1
[2016-09-18 17:20:55] EDIT estor3/views/default/index.html: 1
[2016-09-18 17:22:13] EDIT estor3/views/default/index.html: -2
[2016-09-18 17:22:30] EDIT estor3/views/default/index.html: 0
[2016-09-18 17:23:15] EDIT estor3/views/default/index.html: 0
[2016-09-18 17:24:58] EDIT estor3/views/default/index.html: 12
[2016-09-18 17:26:22] EDIT estor3/views/default/index.html: -12
[2016-09-18 17:27:00] EDIT estor3/views/default/index.html: -1410
[2016-09-18 17:28:07] CREATE default/others.html: 0
[2016-09-18 17:28:13] EDIT estor3/views/default/others.html: 1409
[2016-09-18 17:29:28] EDIT estor3/views/default/index.html: 0
[2016-09-18 17:29:59] EDIT estor3/static/css/web2py-bootstrap3.css: -1
[2016-09-18 17:31:16] EDIT estor3/static/css/web2py-bootstrap3.css: 1
[2016-09-18 17:31:28] EDIT estor3/static/css/web2py-bootstrap3.css: -3
[2016-09-18 17:31:47] EDIT estor3/static/css/web2py-bootstrap3.css: 3
[2016-09-18 17:32:44] EDIT estor3/views/default/index.html: 0
[2016-09-18 17:34:02] EDIT estor3/static/css/web2py-bootstrap3.css: 3
[2016-09-18 17:34:15] EDIT estor3/static/css/web2py-bootstrap3.css: 0
[2016-09-18 17:37:03] EDIT estor3/static/css/web2py-bootstrap3.css: 3
[2016-09-18 17:39:41] EDIT estor3/views/default/index.html: 9
[2016-09-18 17:40:37] EDIT estor3/views/default/index.html: 0
[2016-09-18 17:40:57] EDIT estor3/views/default/index.html: 0
[2016-09-18 17:41:16] EDIT estor3/views/default/index.html: 0
[2016-09-18 17:41:16] EDIT estor3/views/default/index.html: 0
[2016-09-18 17:41:16] EDIT estor3/views/default/index.html: 0
[2016-09-18 17:41:31] EDIT estor3/views/default/index.html: 0
[2016-09-18 17:41:38] EDIT estor3/views/default/index.html: 0
[2016-09-18 17:42:46] EDIT estor3/static/css/web2py-bootstrap3.css: 3
[2016-09-18 17:43:40] EDIT estor3/static/css/web2py-bootstrap3.css: 0
[2016-09-18 17:44:42] EDIT estor3/static/css/web2py-bootstrap3.css: 1
[2016-09-18 17:46:45] EDIT estor3/static/css/web2py-bootstrap3.css: -3
[2016-09-18 17:47:47] EDIT estor3/views/layout.html: 0
[2016-09-18 17:49:02] EDIT estor3/views/layout.html: 0
[2016-09-18 17:50:05] EDIT estor3/views/layout.html: -2
[2016-09-18 17:51:25] EDIT estor3/views/layout.html: 0
[2016-09-18 17:52:39] EDIT estor3/views/layout.html: -14
[2016-09-18 17:52:53] EDIT estor3/views/layout.html: 0
[2016-09-18 17:53:30] EDIT estor3/views/layout.html: 0
[2016-09-18 17:53:43] EDIT estor3/views/layout.html: 0
[2016-09-18 17:54:51] EDIT estor3/views/layout.html: 0
[2016-09-18 17:56:00] EDIT estor3/static/css/web2py-bootstrap3.css: 0
[2016-09-18 17:56:42] EDIT estor3/static/css/web2py-bootstrap3.css: 0
[2016-09-18 17:57:21] EDIT estor3/views/layout.html: 3
[2016-09-18 17:57:44] EDIT estor3/views/layout.html: 6
[2016-09-18 17:59:49] EDIT estor3/views/layout.html: 0
[2016-09-18 18:00:10] EDIT estor3/views/layout.html: 0
[2016-09-18 18:00:52] EDIT estor3/views/layout.html: 0
[2016-09-18 18:03:32] EDIT estor3/views/layout.html: 0
[2016-09-18 18:03:44] EDIT estor3/views/layout.html: 0
[2017-01-07 15:21:51] EDIT atencion/models/db.py: 0
[2017-01-07 15:22:05] EDIT atencion/models/db.py: 0
[2017-01-07 15:24:46] EDIT atencion/models/db.py: 2
[2017-01-07 15:25:48] EDIT atencion/models/db.py: 0
[2017-01-07 15:27:10] EDIT atencion/models/db.py: 0
[2017-01-07 15:29:15] EDIT atencion/models/db.py: 0
[2017-01-07 15:33:44] EDIT atencion/models/menu.py: 1
[2017-01-07 15:34:21] EDIT atencion/models/menu.py: 0
[2017-01-07 15:40:50] EDIT atencion/models/db.py: 9
[2017-01-07 15:40:57] EDIT atencion/models/db.py: 0
[2017-01-07 15:41:57] EDIT atencion/models/db.py: 0
[2017-01-07 15:43:16] EDIT atencion/models/db.py: 1
[2017-01-07 15:43:36] EDIT atencion/models/db.py: 1
[2017-01-07 15:46:24] EDIT atencion/models/db.py: 0
[2017-01-07 15:47:58] EDIT atencion/models/db.py: 12
[2017-01-07 15:51:11] EDIT atencion/models/db.py: 2
[2017-01-07 15:51:41] EDIT atencion/models/db.py: 0
[2017-01-07 15:52:24] EDIT atencion/models/db.py: -4
[2017-01-07 15:52:56] EDIT atencion/models/db.py: 1
[2017-01-07 15:54:50] EDIT atencion/models/db.py: 1
[2017-01-07 15:55:12] EDIT atencion/models/db.py: 0
[2017-01-07 15:57:38] EDIT atencion/models/db.py: 0
[2017-01-07 15:58:46] EDIT atencion/models/db.py: 12
[2017-01-07 16:02:24] EDIT atencion/models/db.py: 2
[2017-01-07 16:02:31] EDIT atencion/models/db.py: 0
[2017-01-07 16:04:10] EDIT atencion/models/db.py: 3
[2017-01-07 16:05:02] EDIT atencion/models/db.py: 0
[2017-01-07 16:12:38] EDIT atencion/models/menu.py: 3
[2017-01-07 16:16:42] EDIT atencion/models/menu.py: 0
[2017-01-07 16:17:45] EDIT atencion/models/menu.py: 1
[2017-01-07 16:19:49] EDIT atencion/models/menu.py: 0
[2017-01-07 16:46:03] EDIT atencion/models/menu.py: 0
[2017-02-03 14:37:32] EDIT atencion/views/layout.html: 0
[2017-02-03 14:38:55] EDIT atencion/views/layout.html: 0
[2017-02-07 10:39:13] EDIT proyect/private/appconfig.ini: 1
[2017-02-07 10:40:20] EDIT proyect/private/appconfig.ini: 0
[2017-02-07 10:43:27] EDIT proyect/views/layout.html: -2
[2017-02-07 10:45:56] EDIT proyect/views/layout.html: -4
[2017-02-07 10:46:38] EDIT proyect/views/web2py_ajax.html: 0
[2017-02-07 10:47:29] EDIT proyect/views/layout.html: -1
[2017-02-07 10:48:45] EDIT proyect/views/layout.html: 0
[2017-02-07 10:50:30] EDIT proyect/views/layout.html: 207
[2017-02-07 11:03:40] EDIT proyect/models/db.py: 1
[2017-02-07 11:03:49] EDIT proyect/views/layout.html: -207
[2017-02-07 11:04:05] EDIT proyect/views/layout.html: 207
[2017-02-07 11:04:30] EDIT proyect/controllers/default.py: -1
[2017-02-07 11:04:49] EDIT proyect/controllers/default.py: 1
[2017-02-07 11:05:02] EDIT proyect/controllers/default.py: 0
[2017-02-07 11:05:22] EDIT proyect/controllers/default.py: 0
[2017-02-07 11:07:17] EDIT proyect/models/db.py: 0
[2017-02-07 11:08:11] EDIT proyect/static/css/web2py-bootstrap3.css: 0
[2017-02-07 11:08:29] EDIT proyect/static/css/web2py-bootstrap3.css: 0
[2017-02-07 11:19:38] EDIT proyect/views/layout.html: 0
[2017-02-07 11:22:35] EDIT proyect/views/layout.html: -207
[2017-02-07 11:35:16] EDIT proyect/static/css/web2py-bootstrap3.css: -10
[2017-02-07 12:20:05] EDIT proyect/views/layout_homepage.html: -62
[2017-02-07 12:21:17] EDIT proyect/views/layout_homepage.html: 1
[2017-02-07 12:22:06] EDIT proyect/views/layout_homepage.html: 0
[2017-02-07 12:22:11] EDIT proyect/views/layout_homepage.html: 0
[2017-02-07 12:22:52] EDIT proyect/views/layout_homepage.html: 0
[2017-02-07 12:23:32] EDIT proyect/views/layout_homepage.html: -1
[2017-02-07 12:24:13] EDIT proyect/views/layout_homepage.html: 0
[2017-02-07 12:25:16] EDIT proyect/views/default/user.html: -6
[2017-02-07 12:25:24] EDIT proyect/views/default/user.html: 0
[2017-02-07 12:26:13] EDIT proyect/views/layout_homepage.html: -2
[2017-02-07 12:31:12] EDIT proyect/controllers/default.py: 8
[2017-02-07 12:31:50] EDIT proyect/controllers/default.py: 0
[2017-02-07 12:32:00] EDIT proyect/views/default/user.html: 0
[2017-02-07 12:34:48] EDIT proyect/controllers/default.py: 0
[2017-02-07 12:46:56] EDIT proyect/controllers/default.py: 0
[2017-02-07 12:48:10] EDIT proyect/controllers/default.py: 0
[2017-02-07 12:49:34] EDIT proyect/controllers/default.py: 0
[2017-02-07 12:50:32] EDIT proyect/controllers/default.py: 0
[2017-02-07 12:51:00] EDIT proyect/controllers/default.py: 0
[2017-02-07 12:59:12] EDIT proyect/controllers/default.py: 0
[2017-02-07 12:59:32] EDIT proyect/controllers/default.py: 0
[2017-02-07 12:59:52] EDIT proyect/controllers/default.py: 0
[2017-02-07 13:00:15] EDIT proyect/controllers/default.py: 0
[2017-02-07 13:02:09] EDIT proyect/controllers/default.py: 0
[2017-02-07 13:02:39] EDIT proyect/controllers/default.py: 0
[2017-02-07 13:05:05] EDIT proyect/controllers/default.py: 0
[2017-02-07 13:05:57] EDIT proyect/views/layout_homepage.html: 1
[2017-02-07 13:07:47] EDIT proyect/views/layout_homepage.html: -1
[2017-02-07 13:09:17] EDIT proyect/controllers/default.py: 0
[2017-02-07 13:09:23] EDIT proyect/controllers/default.py: 0
[2017-02-07 13:10:57] EDIT proyect/controllers/default.py: 0
[2017-02-07 13:11:46] EDIT proyect/controllers/default.py: 0
[2017-02-07 13:14:55] EDIT proyect/controllers/default.py: 0
[2017-02-07 13:15:09] EDIT proyect/controllers/default.py: 0
[2017-02-07 13:15:49] EDIT proyect/controllers/default.py: 0
[2017-02-07 22:45:28] EDIT proyect/controllers/default.py: 0
[2017-02-07 22:45:51] EDIT proyect/controllers/default.py: 0
[2017-02-07 22:46:53] EDIT proyect/views/layout_homepage.html: -2
[2017-02-07 22:47:42] EDIT proyect/controllers/default.py: 0
[2017-02-07 22:48:08] EDIT proyect/controllers/default.py: 0
[2017-02-07 22:50:59] EDIT proyect/controllers/default.py: 6
[2017-02-07 22:54:25] EDIT proyect/controllers/default.py: 1
[2017-02-07 22:54:54] EDIT proyect/controllers/default.py: 1
[2017-02-07 22:55:02] EDIT proyect/controllers/default.py: 0
[2017-02-07 22:55:09] EDIT proyect/controllers/default.py: 0
[2017-02-07 22:55:22] EDIT proyect/controllers/default.py: 0
[2017-02-08 09:43:54] EDIT proyect/controllers/default.py: 2
[2017-02-08 09:45:47] EDIT proyect/static/css/web2py-bootstrap3.css: 1
[2017-02-08 09:48:48] EDIT proyect/controllers/default.py: 0
[2017-02-08 09:51:03] EDIT proyect/controllers/default.py: -5
[2017-02-08 09:51:25] EDIT proyect/static/css/style.css: 0
[2017-02-08 09:53:52] EDIT proyect/models/db.py: 2
[2017-02-08 09:56:41] EDIT proyect/controllers/default.py: 1
[2017-02-08 09:57:31] EDIT proyect/controllers/default.py: 0
[2017-02-08 10:01:13] EDIT proyect/controllers/default.py: 0
[2017-02-08 10:10:44] EDIT proyect/controllers/admin.py: 0
[2017-02-08 10:11:02] EDIT proyect/controllers/evaluador.py: 0
[2017-02-08 10:17:31] EDIT proyect/static/css/style.css: 3
[2017-02-08 10:19:35] EDIT proyect/static/css/style.css: 0
[2017-02-08 10:20:28] EDIT proyect/static/css/style.css: 0
[2017-02-08 10:24:00] EDIT proyect/controllers/admin.py: 3
[2017-02-08 10:27:53] CREATE admin/index.html: 0
[2017-02-08 10:30:43] EDIT proyect/controllers/default.py: 1
[2017-02-08 10:39:14] EDIT proyect/models/menu.py: 0
[2017-02-08 10:40:04] EDIT proyect/controllers/default.py: -2
[2017-02-08 10:40:27] EDIT proyect/controllers/default.py: 0
[2017-02-08 10:41:23] EDIT proyect/controllers/default.py: 0
[2017-02-08 10:45:31] EDIT proyect/views/layout.html: -215
[2017-02-08 10:45:43] EDIT proyect/views/layout.html: -2
[2017-02-08 10:46:28] EDIT proyect/views/layout.html: 0
[2017-02-08 10:46:43] EDIT proyect/views/layout.html: 0
[2017-02-08 10:47:02] EDIT proyect/views/layout.html: 0
[2017-02-08 10:47:27] EDIT proyect/views/layout.html: 0
[2017-02-08 10:48:47] EDIT proyect/views/layout.html: -1
[2017-02-08 10:49:22] EDIT proyect/views/layout.html: -12
[2017-02-08 10:50:34] EDIT proyect/views/layout.html: 0
[2017-02-08 10:51:43] EDIT proyect/views/layout.html: 0
[2017-02-08 10:52:32] EDIT proyect/views/layout.html: 0
[2017-02-08 10:53:11] EDIT proyect/views/layout.html: 0
[2017-02-08 10:58:34] EDIT proyect/views/layout.html: -2
[2017-02-08 11:01:10] EDIT proyect/views/layout.html: 0
[2017-02-08 11:02:33] EDIT proyect/views/layout.html: 0
[2017-02-08 11:02:51] EDIT proyect/views/layout.html: 0
[2017-02-08 11:03:21] EDIT proyect/views/layout.html: 0
[2017-02-08 11:03:46] EDIT proyect/views/layout.html: 0
[2017-02-08 11:04:32] EDIT proyect/views/layout.html: 0
[2017-02-08 11:05:10] EDIT proyect/views/layout.html: 0
[2017-02-08 11:07:14] EDIT proyect/views/layout.html: 0
[2017-02-08 11:09:02] EDIT proyect/views/layout.html: 1
[2017-02-08 11:09:17] EDIT proyect/views/layout.html: 0
[2017-02-08 14:28:15] EDIT proyect1/models/menu.py: 0
[2017-02-08 14:35:43] EDIT proyect1/views/layout.html: 0
[2017-02-08 14:36:06] EDIT proyect1/views/layout.html: 0
[2017-02-08 14:36:24] EDIT proyect1/views/layout.html: 0
[2017-02-08 14:36:40] EDIT proyect1/views/layout.html: 0
[2017-02-08 14:39:56] EDIT proyect1/views/layout.html: 0
[2017-02-08 14:40:42] EDIT proyect1/views/layout.html: -2
